<?xml version="1.0" encoding="UTF-8"?>
<testsuite name="ComplexTest" tests="3" skipped="0" failures="0" errors="0" timestamp="2024-06-22T00:19:46" hostname="ADURO" time="0.001">
  <properties/>
  <testcase name="testAdd" classname="ComplexTest" time="0.0"/>
  <testcase name="testgetMagnitude" classname="ComplexTest" time="0.0"/>
  <testcase name="testMult" classname="ComplexTest" time="0.0"/>
  <system-out><![CDATA[]]></system-out>
  <system-err><![CDATA[]]></system-err>
</testsuite>
